<?xml version="1.0" encoding="UTF-8"?>
<!-- Generated by org.testng.reporters.JUnitReportReporter -->
<testsuite hostname="LAPTOP-9KNGN1IN" failures="0" tests="2" name="com.Extentreports.OpenBrowser" time="38.798" errors="0" timestamp="2020-11-17T17:58:17 IST" skipped="0">
  <testcase classname="com.Extentreports.OpenBrowser" name="enterText" time="38.779"/>
  <system-out/>
  <testcase classname="com.Extentreports.OpenBrowser" name="verifyTitle" time="0.019"/>
  <system-out/>
</testsuite> <!-- com.Extentreports.OpenBrowser -->
