<?xml version="1.0" encoding="UTF-8"?>
<!-- Generated by org.testng.reporters.JUnitReportReporter -->
<testsuite hostname="LAPTOP-9KNGN1IN" failures="0" tests="1" name="com.Extentreports.Test1" time="0.018" errors="0" timestamp="2021-01-27T00:05:56 IST" skipped="0">
  <testcase classname="com.Extentreports.Test1" name="test1" time="0.018"/>
  <system-out/>
</testsuite> <!-- com.Extentreports.Test1 -->
